*******************************************************************
* Genome-wide Complex Trait Analysis (GCTA)
* version v1.94.1 Linux
* Built at Nov 15 2022 21:14:25, by GCC 8.5
* (C) 2010-present, Yang Lab, Westlake University
* Please report bugs to Jian Yang <jian.yang@westlake.edu.cn>
*******************************************************************
Analysis started at 20:53:33 PDT on Tue Sep 10 2024.
Hostname: n6453

Accepted options:
--mlma 
--bfile /u/scratch/c/cobeaman/GCTA_GWAS_4693160/AFR_F/AFR.females.genotype
--grm /u/scratch/c/cobeaman/GCTA_GWAS_4693160/AFR_F/AFR.females_GRM
--pheno /u/project/lhernand/cobeaman/ABCD_Longitudinal_Subcortical_Imaging_GWAS/Analysis/GCTA_GWAS/Processed_Data/Phenotypes/AFR/F/557591_pheno_09052024_AFR_F_522_smri_vol_scs_ccmidat_ROC0_2.txt
--covar /u/project/lhernand/cobeaman/ABCD_Longitudinal_Subcortical_Imaging_GWAS/Analysis/GCTA_GWAS/Processed_Data/Covariates/Discrete/AFR/F/covar_557591_09052024_AFR_F_522.txt
--qcovar /u/project/lhernand/cobeaman/ABCD_Longitudinal_Subcortical_Imaging_GWAS/Analysis/GCTA_GWAS/Processed_Data/Covariates/Quantitative/AFR/F/qcovar_557591_09052024_AFR_F_522.txt
--thread-num 16
--out /u/project/lhernand/cobeaman/ABCD_Longitudinal_Subcortical_Imaging_GWAS/Analysis/GCTA_GWAS/Processed_Data/Results/AFR/F/smri_vol_scs_ccmidat_ROC0_2_AFR_F_n522_09102024_4693160

Note: the program will be running on 16 threads.

Reading PLINK FAM file from [/u/scratch/c/cobeaman/GCTA_GWAS_4693160/AFR_F/AFR.females.genotype.fam].
1131 individuals to be included from [/u/scratch/c/cobeaman/GCTA_GWAS_4693160/AFR_F/AFR.females.genotype.fam].
Reading PLINK BIM file from [/u/scratch/c/cobeaman/GCTA_GWAS_4693160/AFR_F/AFR.females.genotype.bim].
11349883 SNPs to be included from [/u/scratch/c/cobeaman/GCTA_GWAS_4693160/AFR_F/AFR.females.genotype.bim].
Reading PLINK BED file from [/u/scratch/c/cobeaman/GCTA_GWAS_4693160/AFR_F/AFR.females.genotype.bed] in SNP-major format ...
Genotype data for 1131 individuals and 11349883 SNPs to be included from [/u/scratch/c/cobeaman/GCTA_GWAS_4693160/AFR_F/AFR.females.genotype.bed].
Reading phenotypes from [/u/project/lhernand/cobeaman/ABCD_Longitudinal_Subcortical_Imaging_GWAS/Analysis/GCTA_GWAS/Processed_Data/Phenotypes/AFR/F/557591_pheno_09052024_AFR_F_522_smri_vol_scs_ccmidat_ROC0_2.txt].
Non-missing phenotypes of 522 individuals are included from [/u/project/lhernand/cobeaman/ABCD_Longitudinal_Subcortical_Imaging_GWAS/Analysis/GCTA_GWAS/Processed_Data/Phenotypes/AFR/F/557591_pheno_09052024_AFR_F_522_smri_vol_scs_ccmidat_ROC0_2.txt].
Reading quantitative covariate(s) from [/u/project/lhernand/cobeaman/ABCD_Longitudinal_Subcortical_Imaging_GWAS/Analysis/GCTA_GWAS/Processed_Data/Covariates/Quantitative/AFR/F/qcovar_557591_09052024_AFR_F_522.txt].
12 quantitative covariate(s) of 522 individuals are included from [/u/project/lhernand/cobeaman/ABCD_Longitudinal_Subcortical_Imaging_GWAS/Analysis/GCTA_GWAS/Processed_Data/Covariates/Quantitative/AFR/F/qcovar_557591_09052024_AFR_F_522.txt].
Reading discrete covariate(s) from [/u/project/lhernand/cobeaman/ABCD_Longitudinal_Subcortical_Imaging_GWAS/Analysis/GCTA_GWAS/Processed_Data/Covariates/Discrete/AFR/F/covar_557591_09052024_AFR_F_522.txt].
2 discrete covariate(s) of 522 individuals are included from [/u/project/lhernand/cobeaman/ABCD_Longitudinal_Subcortical_Imaging_GWAS/Analysis/GCTA_GWAS/Processed_Data/Covariates/Discrete/AFR/F/covar_557591_09052024_AFR_F_522.txt].
Reading IDs of the GRM from [/u/scratch/c/cobeaman/GCTA_GWAS_4693160/AFR_F/AFR.females_GRM.grm.id].
1131 IDs are read from [/u/scratch/c/cobeaman/GCTA_GWAS_4693160/AFR_F/AFR.females_GRM.grm.id].
Reading the GRM from [/u/scratch/c/cobeaman/GCTA_GWAS_4693160/AFR_F/AFR.females_GRM.grm.bin].
GRM for 1131 individuals are included from [/u/scratch/c/cobeaman/GCTA_GWAS_4693160/AFR_F/AFR.females_GRM.grm.bin].
519 individuals are in common in these files.
12 quantitative variable(s) included as covariate(s).
2 discrete variable(s) included as covariate(s).

Performing MLM association analyses (including the candidate SNP) ...

Performing  REML analysis ... (Note: may take hours depending on sample size).
519 observations, 44 fixed effect(s), and 2 variance component(s)(including residual variance).
Calculating prior values of variance components by EM-REML ...
Updated prior values: 0.501434 0.523708
logL: -348.869
Running AI-REML algorithm ...
Iter.	logL	V(G)	V(e)	
1	-348.47	0.39065	0.62408	
2	-346.76	0.08773	0.90970	
3	-344.86	0.07434	0.92672	
4	-344.84	0.06536	0.93824	
5	-344.83	0.04647	0.96275	
6	-344.82	0.04806	0.96128	
7	-344.82	0.04791	0.96143	
8	-344.82	0.04792	0.96142	
Log-likelihood ratio converged.
Calculating allele frequencies ...

Running association tests for 11349883 SNPs ...

Saving the results of the mixed linear model association analyses of 11349883 SNPs to [/u/project/lhernand/cobeaman/ABCD_Longitudinal_Subcortical_Imaging_GWAS/Analysis/GCTA_GWAS/Processed_Data/Results/AFR/F/smri_vol_scs_ccmidat_ROC0_2_AFR_F_n522_09102024_4693160.mlma] ...

Analysis finished at 21:54:46 PDT on Tue Sep 10 2024
Overall computational time: 1 hour 1 minute 13 sec.
