*******************************************************************
* Genome-wide Complex Trait Analysis (GCTA)
* version v1.94.1 Linux
* Built at Nov 15 2022 21:14:25, by GCC 8.5
* (C) 2010-present, Yang Lab, Westlake University
* Please report bugs to Jian Yang <jian.yang@westlake.edu.cn>
*******************************************************************
Analysis started at 02:00:13 PDT on Thu Sep 12 2024.
Hostname: n6453

Accepted options:
--mlma 
--bfile /u/scratch/c/cobeaman/GCTA_GWAS_4707399/EUR_M/EUR.males.genotype
--grm /u/scratch/c/cobeaman/GCTA_GWAS_4707399/EUR_M/EUR.males_GRM
--pheno /u/project/lhernand/cobeaman/ABCD_Longitudinal_Subcortical_Imaging_GWAS/Analysis/GCTA_GWAS/Processed_Data/Phenotypes/EUR/M/444464_pheno_09052024_EUR_M_2268_smri_vol_scs_ccmidps_ROC0_2.txt
--covar /u/project/lhernand/cobeaman/ABCD_Longitudinal_Subcortical_Imaging_GWAS/Analysis/GCTA_GWAS/Processed_Data/Covariates/Discrete/EUR/M/covar_444464_09052024_EUR_M_2268.txt
--qcovar /u/project/lhernand/cobeaman/ABCD_Longitudinal_Subcortical_Imaging_GWAS/Analysis/GCTA_GWAS/Processed_Data/Covariates/Quantitative/EUR/M/qcovar_444464_09052024_EUR_M_2268.txt
--thread-num 32
--out /u/project/lhernand/cobeaman/ABCD_Longitudinal_Subcortical_Imaging_GWAS/Analysis/GCTA_GWAS/Processed_Data/Results/EUR/M/smri_vol_scs_ccmidps_ROC0_2_EUR_M_n2268_09122024_4707399

Note: the program will be running on 32 threads.

Reading PLINK FAM file from [/u/scratch/c/cobeaman/GCTA_GWAS_4707399/EUR_M/EUR.males.genotype.fam].
3628 individuals to be included from [/u/scratch/c/cobeaman/GCTA_GWAS_4707399/EUR_M/EUR.males.genotype.fam].
Reading PLINK BIM file from [/u/scratch/c/cobeaman/GCTA_GWAS_4707399/EUR_M/EUR.males.genotype.bim].
6964838 SNPs to be included from [/u/scratch/c/cobeaman/GCTA_GWAS_4707399/EUR_M/EUR.males.genotype.bim].
Reading PLINK BED file from [/u/scratch/c/cobeaman/GCTA_GWAS_4707399/EUR_M/EUR.males.genotype.bed] in SNP-major format ...
Genotype data for 3628 individuals and 6964838 SNPs to be included from [/u/scratch/c/cobeaman/GCTA_GWAS_4707399/EUR_M/EUR.males.genotype.bed].
Reading phenotypes from [/u/project/lhernand/cobeaman/ABCD_Longitudinal_Subcortical_Imaging_GWAS/Analysis/GCTA_GWAS/Processed_Data/Phenotypes/EUR/M/444464_pheno_09052024_EUR_M_2268_smri_vol_scs_ccmidps_ROC0_2.txt].
Non-missing phenotypes of 2268 individuals are included from [/u/project/lhernand/cobeaman/ABCD_Longitudinal_Subcortical_Imaging_GWAS/Analysis/GCTA_GWAS/Processed_Data/Phenotypes/EUR/M/444464_pheno_09052024_EUR_M_2268_smri_vol_scs_ccmidps_ROC0_2.txt].
Reading quantitative covariate(s) from [/u/project/lhernand/cobeaman/ABCD_Longitudinal_Subcortical_Imaging_GWAS/Analysis/GCTA_GWAS/Processed_Data/Covariates/Quantitative/EUR/M/qcovar_444464_09052024_EUR_M_2268.txt].
12 quantitative covariate(s) of 2268 individuals are included from [/u/project/lhernand/cobeaman/ABCD_Longitudinal_Subcortical_Imaging_GWAS/Analysis/GCTA_GWAS/Processed_Data/Covariates/Quantitative/EUR/M/qcovar_444464_09052024_EUR_M_2268.txt].
Reading discrete covariate(s) from [/u/project/lhernand/cobeaman/ABCD_Longitudinal_Subcortical_Imaging_GWAS/Analysis/GCTA_GWAS/Processed_Data/Covariates/Discrete/EUR/M/covar_444464_09052024_EUR_M_2268.txt].
2 discrete covariate(s) of 2268 individuals are included from [/u/project/lhernand/cobeaman/ABCD_Longitudinal_Subcortical_Imaging_GWAS/Analysis/GCTA_GWAS/Processed_Data/Covariates/Discrete/EUR/M/covar_444464_09052024_EUR_M_2268.txt].
Reading IDs of the GRM from [/u/scratch/c/cobeaman/GCTA_GWAS_4707399/EUR_M/EUR.males_GRM.grm.id].
3628 IDs are read from [/u/scratch/c/cobeaman/GCTA_GWAS_4707399/EUR_M/EUR.males_GRM.grm.id].
Reading the GRM from [/u/scratch/c/cobeaman/GCTA_GWAS_4707399/EUR_M/EUR.males_GRM.grm.bin].
GRM for 3628 individuals are included from [/u/scratch/c/cobeaman/GCTA_GWAS_4707399/EUR_M/EUR.males_GRM.grm.bin].
2267 individuals are in common in these files.
12 quantitative variable(s) included as covariate(s).
2 discrete variable(s) included as covariate(s).

Performing MLM association analyses (including the candidate SNP) ...

Performing  REML analysis ... (Note: may take hours depending on sample size).
2267 observations, 45 fixed effect(s), and 2 variance component(s)(including residual variance).
Calculating prior values of variance components by EM-REML ...
Updated prior values: 0.490352 0.516187
logL: -1233.86
Running AI-REML algorithm ...
Iter.	logL	V(G)	V(e)	
1	-1232.35	0.37556	0.61269	
2	-1222.88	0.27621	0.70146	
3	-1217.14	0.19708	0.77521	
4	-1213.97	0.13824	0.83173	
5	-1212.34	0.09639	0.87278	
6	-1211.55	0.06735	0.90168	
7	-1211.17	0.00440	0.96501	
8	-1210.84	0.00540	0.96459	
9	-1210.84	0.00538	0.96461	
10	-1210.84	0.00538	0.96461	
Log-likelihood ratio converged.
Calculating allele frequencies ...

Running association tests for 6964838 SNPs ...
