*******************************************************************
* Genome-wide Complex Trait Analysis (GCTA)
* version v1.94.1 Linux
* Built at Nov 15 2022 21:14:25, by GCC 8.5
* (C) 2010-present, Yang Lab, Westlake University
* Please report bugs to Jian Yang <jian.yang@westlake.edu.cn>
*******************************************************************
Analysis started at 02:00:13 PDT on Thu Sep 12 2024.
Hostname: n6453

Accepted options:
--mlma 
--bfile /u/scratch/c/cobeaman/GCTA_GWAS_4707399/EUR_M/EUR.males.genotype
--grm /u/scratch/c/cobeaman/GCTA_GWAS_4707399/EUR_M/EUR.males_GRM
--pheno /u/project/lhernand/cobeaman/ABCD_Longitudinal_Subcortical_Imaging_GWAS/Analysis/GCTA_GWAS/Processed_Data/Phenotypes/EUR/M/444464_pheno_09052024_EUR_M_2268_smri_vol_scs_ccmidat_ROC0_2.txt
--covar /u/project/lhernand/cobeaman/ABCD_Longitudinal_Subcortical_Imaging_GWAS/Analysis/GCTA_GWAS/Processed_Data/Covariates/Discrete/EUR/M/covar_444464_09052024_EUR_M_2268.txt
--qcovar /u/project/lhernand/cobeaman/ABCD_Longitudinal_Subcortical_Imaging_GWAS/Analysis/GCTA_GWAS/Processed_Data/Covariates/Quantitative/EUR/M/qcovar_444464_09052024_EUR_M_2268.txt
--thread-num 32
--out /u/project/lhernand/cobeaman/ABCD_Longitudinal_Subcortical_Imaging_GWAS/Analysis/GCTA_GWAS/Processed_Data/Results/EUR/M/smri_vol_scs_ccmidat_ROC0_2_EUR_M_n2268_09122024_4707399

Note: the program will be running on 32 threads.

Reading PLINK FAM file from [/u/scratch/c/cobeaman/GCTA_GWAS_4707399/EUR_M/EUR.males.genotype.fam].
3628 individuals to be included from [/u/scratch/c/cobeaman/GCTA_GWAS_4707399/EUR_M/EUR.males.genotype.fam].
Reading PLINK BIM file from [/u/scratch/c/cobeaman/GCTA_GWAS_4707399/EUR_M/EUR.males.genotype.bim].
6964838 SNPs to be included from [/u/scratch/c/cobeaman/GCTA_GWAS_4707399/EUR_M/EUR.males.genotype.bim].
Reading PLINK BED file from [/u/scratch/c/cobeaman/GCTA_GWAS_4707399/EUR_M/EUR.males.genotype.bed] in SNP-major format ...
Genotype data for 3628 individuals and 6964838 SNPs to be included from [/u/scratch/c/cobeaman/GCTA_GWAS_4707399/EUR_M/EUR.males.genotype.bed].
Reading phenotypes from [/u/project/lhernand/cobeaman/ABCD_Longitudinal_Subcortical_Imaging_GWAS/Analysis/GCTA_GWAS/Processed_Data/Phenotypes/EUR/M/444464_pheno_09052024_EUR_M_2268_smri_vol_scs_ccmidat_ROC0_2.txt].
Non-missing phenotypes of 2268 individuals are included from [/u/project/lhernand/cobeaman/ABCD_Longitudinal_Subcortical_Imaging_GWAS/Analysis/GCTA_GWAS/Processed_Data/Phenotypes/EUR/M/444464_pheno_09052024_EUR_M_2268_smri_vol_scs_ccmidat_ROC0_2.txt].
Reading quantitative covariate(s) from [/u/project/lhernand/cobeaman/ABCD_Longitudinal_Subcortical_Imaging_GWAS/Analysis/GCTA_GWAS/Processed_Data/Covariates/Quantitative/EUR/M/qcovar_444464_09052024_EUR_M_2268.txt].
12 quantitative covariate(s) of 2268 individuals are included from [/u/project/lhernand/cobeaman/ABCD_Longitudinal_Subcortical_Imaging_GWAS/Analysis/GCTA_GWAS/Processed_Data/Covariates/Quantitative/EUR/M/qcovar_444464_09052024_EUR_M_2268.txt].
Reading discrete covariate(s) from [/u/project/lhernand/cobeaman/ABCD_Longitudinal_Subcortical_Imaging_GWAS/Analysis/GCTA_GWAS/Processed_Data/Covariates/Discrete/EUR/M/covar_444464_09052024_EUR_M_2268.txt].
2 discrete covariate(s) of 2268 individuals are included from [/u/project/lhernand/cobeaman/ABCD_Longitudinal_Subcortical_Imaging_GWAS/Analysis/GCTA_GWAS/Processed_Data/Covariates/Discrete/EUR/M/covar_444464_09052024_EUR_M_2268.txt].
Reading IDs of the GRM from [/u/scratch/c/cobeaman/GCTA_GWAS_4707399/EUR_M/EUR.males_GRM.grm.id].
3628 IDs are read from [/u/scratch/c/cobeaman/GCTA_GWAS_4707399/EUR_M/EUR.males_GRM.grm.id].
Reading the GRM from [/u/scratch/c/cobeaman/GCTA_GWAS_4707399/EUR_M/EUR.males_GRM.grm.bin].
GRM for 3628 individuals are included from [/u/scratch/c/cobeaman/GCTA_GWAS_4707399/EUR_M/EUR.males_GRM.grm.bin].
2267 individuals are in common in these files.
12 quantitative variable(s) included as covariate(s).
2 discrete variable(s) included as covariate(s).

Performing MLM association analyses (including the candidate SNP) ...

Performing  REML analysis ... (Note: may take hours depending on sample size).
2267 observations, 45 fixed effect(s), and 2 variance component(s)(including residual variance).
Calculating prior values of variance components by EM-REML ...
Updated prior values: 0.492895  0.52126
logL: -1251.41
Running AI-REML algorithm ...
Iter.	logL	V(G)	V(e)	
1	-1249.37	0.37935	0.61840	
2	-1239.46	0.27788	0.71029	
3	-1233.29	0.19376	0.78955	
4	-1229.72	0.12858	0.85275	
5	-1227.79	0.08041	0.90041	
6	-1226.78	0.04581	0.93515	
7	-1226.28	0.02132	0.95999	
8	-1226.03	0.00000	0.98247	(1 component(s) constrained)
9	-1225.89	0.00000	0.98271	(1 component(s) constrained)
10	-1225.89	0.00000	0.98271	(1 component(s) constrained)
11	-1225.89	0.00000	0.98271	(1 component(s) constrained)
Log-likelihood ratio converged.
Calculating allele frequencies ...

Running association tests for 6964838 SNPs ...
