*******************************************************************
* Genome-wide Complex Trait Analysis (GCTA)
* version v1.94.1 Linux
* Built at Nov 15 2022 21:14:25, by GCC 8.5
* (C) 2010-present, Yang Lab, Westlake University
* Please report bugs to Jian Yang <jian.yang@westlake.edu.cn>
*******************************************************************
Analysis started at 17:32:55 PDT on Tue Sep 10 2024.
Hostname: n7450

Accepted options:
--mlma 
--bfile /u/scratch/c/cobeaman/GCTA_GWAS_4693160/AMR_M/AMR.males.genotype
--grm /u/scratch/c/cobeaman/GCTA_GWAS_4693160/AMR_M/AMR.males_GRM
--pheno /u/project/lhernand/cobeaman/ABCD_Longitudinal_Subcortical_Imaging_GWAS/Analysis/GCTA_GWAS/Processed_Data/Phenotypes/AMR/M/494685_pheno_09052024_AMR_M_555_smri_vol_scs_ccat_ROC0_2.txt
--covar /u/project/lhernand/cobeaman/ABCD_Longitudinal_Subcortical_Imaging_GWAS/Analysis/GCTA_GWAS/Processed_Data/Covariates/Discrete/AMR/M/covar_494685_09052024_AMR_M_555.txt
--qcovar /u/project/lhernand/cobeaman/ABCD_Longitudinal_Subcortical_Imaging_GWAS/Analysis/GCTA_GWAS/Processed_Data/Covariates/Quantitative/AMR/M/qcovar_494685_09052024_AMR_M_555.txt
--thread-num 16
--out /u/project/lhernand/cobeaman/ABCD_Longitudinal_Subcortical_Imaging_GWAS/Analysis/GCTA_GWAS/Processed_Data/Results/AMR/M/smri_vol_scs_ccat_ROC0_2_AMR_M_n555_09102024_4693160

Note: the program will be running on 16 threads.

Reading PLINK FAM file from [/u/scratch/c/cobeaman/GCTA_GWAS_4693160/AMR_M/AMR.males.genotype.fam].
1070 individuals to be included from [/u/scratch/c/cobeaman/GCTA_GWAS_4693160/AMR_M/AMR.males.genotype.fam].
Reading PLINK BIM file from [/u/scratch/c/cobeaman/GCTA_GWAS_4693160/AMR_M/AMR.males.genotype.bim].
7528889 SNPs to be included from [/u/scratch/c/cobeaman/GCTA_GWAS_4693160/AMR_M/AMR.males.genotype.bim].
Reading PLINK BED file from [/u/scratch/c/cobeaman/GCTA_GWAS_4693160/AMR_M/AMR.males.genotype.bed] in SNP-major format ...
Genotype data for 1070 individuals and 7528889 SNPs to be included from [/u/scratch/c/cobeaman/GCTA_GWAS_4693160/AMR_M/AMR.males.genotype.bed].
Reading phenotypes from [/u/project/lhernand/cobeaman/ABCD_Longitudinal_Subcortical_Imaging_GWAS/Analysis/GCTA_GWAS/Processed_Data/Phenotypes/AMR/M/494685_pheno_09052024_AMR_M_555_smri_vol_scs_ccat_ROC0_2.txt].
Non-missing phenotypes of 555 individuals are included from [/u/project/lhernand/cobeaman/ABCD_Longitudinal_Subcortical_Imaging_GWAS/Analysis/GCTA_GWAS/Processed_Data/Phenotypes/AMR/M/494685_pheno_09052024_AMR_M_555_smri_vol_scs_ccat_ROC0_2.txt].
Reading quantitative covariate(s) from [/u/project/lhernand/cobeaman/ABCD_Longitudinal_Subcortical_Imaging_GWAS/Analysis/GCTA_GWAS/Processed_Data/Covariates/Quantitative/AMR/M/qcovar_494685_09052024_AMR_M_555.txt].
12 quantitative covariate(s) of 555 individuals are included from [/u/project/lhernand/cobeaman/ABCD_Longitudinal_Subcortical_Imaging_GWAS/Analysis/GCTA_GWAS/Processed_Data/Covariates/Quantitative/AMR/M/qcovar_494685_09052024_AMR_M_555.txt].
Reading discrete covariate(s) from [/u/project/lhernand/cobeaman/ABCD_Longitudinal_Subcortical_Imaging_GWAS/Analysis/GCTA_GWAS/Processed_Data/Covariates/Discrete/AMR/M/covar_494685_09052024_AMR_M_555.txt].
2 discrete covariate(s) of 555 individuals are included from [/u/project/lhernand/cobeaman/ABCD_Longitudinal_Subcortical_Imaging_GWAS/Analysis/GCTA_GWAS/Processed_Data/Covariates/Discrete/AMR/M/covar_494685_09052024_AMR_M_555.txt].
Reading IDs of the GRM from [/u/scratch/c/cobeaman/GCTA_GWAS_4693160/AMR_M/AMR.males_GRM.grm.id].
1070 IDs are read from [/u/scratch/c/cobeaman/GCTA_GWAS_4693160/AMR_M/AMR.males_GRM.grm.id].
Reading the GRM from [/u/scratch/c/cobeaman/GCTA_GWAS_4693160/AMR_M/AMR.males_GRM.grm.bin].
GRM for 1070 individuals are included from [/u/scratch/c/cobeaman/GCTA_GWAS_4693160/AMR_M/AMR.males_GRM.grm.bin].
553 individuals are in common in these files.
12 quantitative variable(s) included as covariate(s).
2 discrete variable(s) included as covariate(s).

Performing MLM association analyses (including the candidate SNP) ...

Performing  REML analysis ... (Note: may take hours depending on sample size).
553 observations, 45 fixed effect(s), and 2 variance component(s)(including residual variance).
Calculating prior values of variance components by EM-REML ...
Updated prior values: 0.491315 0.508293
logL: -352.716
Running AI-REML algorithm ...
Iter.	logL	V(G)	V(e)	
1	-352.56	0.38484	0.59937	
2	-351.10	0.09576	0.85903	
3	-349.48	0.07529	0.88180	
4	-349.45	0.06067	0.89805	
5	-349.43	0.02789	0.93443	
6	-349.41	0.02599	0.93639	
7	-349.41	0.02590	0.93648	
8	-349.41	0.02590	0.93648	
Log-likelihood ratio converged.
Calculating allele frequencies ...

Running association tests for 7528889 SNPs ...

Saving the results of the mixed linear model association analyses of 7528889 SNPs to [/u/project/lhernand/cobeaman/ABCD_Longitudinal_Subcortical_Imaging_GWAS/Analysis/GCTA_GWAS/Processed_Data/Results/AMR/M/smri_vol_scs_ccat_ROC0_2_AMR_M_n555_09102024_4693160.mlma] ...

Analysis finished at 18:16:32 PDT on Tue Sep 10 2024
Overall computational time: 43 minutes 36 sec.
