*******************************************************************
* Genome-wide Complex Trait Analysis (GCTA)
* version v1.94.1 Linux
* Built at Nov 15 2022 21:14:25, by GCC 8.5
* (C) 2010-present, Yang Lab, Westlake University
* Please report bugs to Jian Yang <jian.yang@westlake.edu.cn>
*******************************************************************
Analysis started at 02:30:13 PDT on Fri Sep 13 2024.
Hostname: n7662

Accepted options:
--mlma 
--bfile /u/scratch/c/cobeaman/GCTA_GWAS_4716653/EUR_females/EUR.females.genotype
--grm /u/scratch/c/cobeaman/GCTA_GWAS_4716653/EUR_females/EUR.females_GRM
--pheno /u/project/lhernand/cobeaman/ABCD_Longitudinal_Subcortical_Imaging_GWAS/Analysis/GCTA_GWAS/Processed_Data/Phenotypes/EUR/F/574229_pheno_09052024_EUR_F_1916_smri_vol_scs_ccps_ROC0_2.txt
--covar /u/project/lhernand/cobeaman/ABCD_Longitudinal_Subcortical_Imaging_GWAS/Analysis/GCTA_GWAS/Processed_Data/Covariates/Discrete/EUR/F/covar_574229_09052024_EUR_F_1916.txt
--qcovar /u/project/lhernand/cobeaman/ABCD_Longitudinal_Subcortical_Imaging_GWAS/Analysis/GCTA_GWAS/Processed_Data/Covariates/Quantitative/EUR/F/qcovar_574229_09052024_EUR_F_1916.txt
--thread-num 32
--out /u/project/lhernand/cobeaman/ABCD_Longitudinal_Subcortical_Imaging_GWAS/Analysis/GCTA_GWAS/Processed_Data/Results/EUR/F/smri_vol_scs_ccps_ROC0_2_EUR_F_n1916_09132024_4716653

Note: the program will be running on 32 threads.

Reading PLINK FAM file from [/u/scratch/c/cobeaman/GCTA_GWAS_4716653/EUR_females/EUR.females.genotype.fam].
3263 individuals to be included from [/u/scratch/c/cobeaman/GCTA_GWAS_4716653/EUR_females/EUR.females.genotype.fam].
Reading PLINK BIM file from [/u/scratch/c/cobeaman/GCTA_GWAS_4716653/EUR_females/EUR.females.genotype.bim].
6964838 SNPs to be included from [/u/scratch/c/cobeaman/GCTA_GWAS_4716653/EUR_females/EUR.females.genotype.bim].
Reading PLINK BED file from [/u/scratch/c/cobeaman/GCTA_GWAS_4716653/EUR_females/EUR.females.genotype.bed] in SNP-major format ...
Genotype data for 3263 individuals and 6964838 SNPs to be included from [/u/scratch/c/cobeaman/GCTA_GWAS_4716653/EUR_females/EUR.females.genotype.bed].
Reading phenotypes from [/u/project/lhernand/cobeaman/ABCD_Longitudinal_Subcortical_Imaging_GWAS/Analysis/GCTA_GWAS/Processed_Data/Phenotypes/EUR/F/574229_pheno_09052024_EUR_F_1916_smri_vol_scs_ccps_ROC0_2.txt].
Non-missing phenotypes of 1916 individuals are included from [/u/project/lhernand/cobeaman/ABCD_Longitudinal_Subcortical_Imaging_GWAS/Analysis/GCTA_GWAS/Processed_Data/Phenotypes/EUR/F/574229_pheno_09052024_EUR_F_1916_smri_vol_scs_ccps_ROC0_2.txt].
Reading quantitative covariate(s) from [/u/project/lhernand/cobeaman/ABCD_Longitudinal_Subcortical_Imaging_GWAS/Analysis/GCTA_GWAS/Processed_Data/Covariates/Quantitative/EUR/F/qcovar_574229_09052024_EUR_F_1916.txt].
12 quantitative covariate(s) of 1916 individuals are included from [/u/project/lhernand/cobeaman/ABCD_Longitudinal_Subcortical_Imaging_GWAS/Analysis/GCTA_GWAS/Processed_Data/Covariates/Quantitative/EUR/F/qcovar_574229_09052024_EUR_F_1916.txt].
Reading discrete covariate(s) from [/u/project/lhernand/cobeaman/ABCD_Longitudinal_Subcortical_Imaging_GWAS/Analysis/GCTA_GWAS/Processed_Data/Covariates/Discrete/EUR/F/covar_574229_09052024_EUR_F_1916.txt].
2 discrete covariate(s) of 1916 individuals are included from [/u/project/lhernand/cobeaman/ABCD_Longitudinal_Subcortical_Imaging_GWAS/Analysis/GCTA_GWAS/Processed_Data/Covariates/Discrete/EUR/F/covar_574229_09052024_EUR_F_1916.txt].
Reading IDs of the GRM from [/u/scratch/c/cobeaman/GCTA_GWAS_4716653/EUR_females/EUR.females_GRM.grm.id].
3263 IDs are read from [/u/scratch/c/cobeaman/GCTA_GWAS_4716653/EUR_females/EUR.females_GRM.grm.id].
Reading the GRM from [/u/scratch/c/cobeaman/GCTA_GWAS_4716653/EUR_females/EUR.females_GRM.grm.bin].
GRM for 3263 individuals are included from [/u/scratch/c/cobeaman/GCTA_GWAS_4716653/EUR_females/EUR.females_GRM.grm.bin].
1915 individuals are in common in these files.
12 quantitative variable(s) included as covariate(s).
2 discrete variable(s) included as covariate(s).

Performing MLM association analyses (including the candidate SNP) ...

Performing  REML analysis ... (Note: may take hours depending on sample size).
1915 observations, 46 fixed effect(s), and 2 variance component(s)(including residual variance).
Calculating prior values of variance components by EM-REML ...
Updated prior values: 0.488143 0.520497
logL: -1057.9
Running AI-REML algorithm ...
Iter.	logL	V(G)	V(e)	
1	-1055.89	0.36816	0.61968	
2	-1045.92	0.26387	0.71236	
3	-1040.03	0.18018	0.79044	
4	-1036.84	0.11773	0.85067	
5	-1035.23	0.07342	0.89440	
6	-1034.47	0.04286	0.92505	
7	-1034.11	0.00000	0.96886	(1 component(s) constrained)
8	-1033.85	0.00000	0.96943	(1 component(s) constrained)
9	-1033.85	0.00000	0.96943	(1 component(s) constrained)
10	-1033.85	0.00000	0.96943	(1 component(s) constrained)
Log-likelihood ratio converged.
Calculating allele frequencies ...

Running association tests for 6964838 SNPs ...

Saving the results of the mixed linear model association analyses of 6964838 SNPs to [/u/project/lhernand/cobeaman/ABCD_Longitudinal_Subcortical_Imaging_GWAS/Analysis/GCTA_GWAS/Processed_Data/Results/EUR/F/smri_vol_scs_ccps_ROC0_2_EUR_F_n1916_09132024_4716653.mlma] ...

Analysis finished at 10:39:33 PDT on Fri Sep 13 2024
Overall computational time: 8 hours 9 minutes 20 sec.

