*******************************************************************
* Genome-wide Complex Trait Analysis (GCTA)
* version v1.94.1 Linux
* Built at Nov 15 2022 21:14:25, by GCC 8.5
* (C) 2010-present, Yang Lab, Westlake University
* Please report bugs to Jian Yang <jian.yang@westlake.edu.cn>
*******************************************************************
Analysis started at 22:30:22 PDT on Wed Sep 11 2024.
Hostname: n7456

Accepted options:
--mlma 
--bfile /u/scratch/c/cobeaman/GCTA_GWAS_4707399/EUR_F/EUR.females.genotype
--grm /u/scratch/c/cobeaman/GCTA_GWAS_4707399/EUR_F/EUR.females_GRM
--pheno /u/project/lhernand/cobeaman/ABCD_Longitudinal_Subcortical_Imaging_GWAS/Analysis/GCTA_GWAS/Processed_Data/Phenotypes/EUR/F/574229_pheno_09052024_EUR_F_1916_smri_vol_scs_crbwmatter_ROC0_2.txt
--covar /u/project/lhernand/cobeaman/ABCD_Longitudinal_Subcortical_Imaging_GWAS/Analysis/GCTA_GWAS/Processed_Data/Covariates/Discrete/EUR/F/covar_574229_09052024_EUR_F_1916.txt
--qcovar /u/project/lhernand/cobeaman/ABCD_Longitudinal_Subcortical_Imaging_GWAS/Analysis/GCTA_GWAS/Processed_Data/Covariates/Quantitative/EUR/F/qcovar_574229_09052024_EUR_F_1916.txt
--thread-num 32
--out /u/project/lhernand/cobeaman/ABCD_Longitudinal_Subcortical_Imaging_GWAS/Analysis/GCTA_GWAS/Processed_Data/Results/EUR/F/smri_vol_scs_crbwmatter_ROC0_2_EUR_F_n1916_09112024_4707399

Note: the program will be running on 32 threads.

Reading PLINK FAM file from [/u/scratch/c/cobeaman/GCTA_GWAS_4707399/EUR_F/EUR.females.genotype.fam].
3263 individuals to be included from [/u/scratch/c/cobeaman/GCTA_GWAS_4707399/EUR_F/EUR.females.genotype.fam].
Reading PLINK BIM file from [/u/scratch/c/cobeaman/GCTA_GWAS_4707399/EUR_F/EUR.females.genotype.bim].
5269986 SNPs to be included from [/u/scratch/c/cobeaman/GCTA_GWAS_4707399/EUR_F/EUR.females.genotype.bim].
Reading PLINK BED file from [/u/scratch/c/cobeaman/GCTA_GWAS_4707399/EUR_F/EUR.females.genotype.bed] in SNP-major format ...
Genotype data for 3263 individuals and 5269986 SNPs to be included from [/u/scratch/c/cobeaman/GCTA_GWAS_4707399/EUR_F/EUR.females.genotype.bed].
Reading phenotypes from [/u/project/lhernand/cobeaman/ABCD_Longitudinal_Subcortical_Imaging_GWAS/Analysis/GCTA_GWAS/Processed_Data/Phenotypes/EUR/F/574229_pheno_09052024_EUR_F_1916_smri_vol_scs_crbwmatter_ROC0_2.txt].
Non-missing phenotypes of 1916 individuals are included from [/u/project/lhernand/cobeaman/ABCD_Longitudinal_Subcortical_Imaging_GWAS/Analysis/GCTA_GWAS/Processed_Data/Phenotypes/EUR/F/574229_pheno_09052024_EUR_F_1916_smri_vol_scs_crbwmatter_ROC0_2.txt].
Reading quantitative covariate(s) from [/u/project/lhernand/cobeaman/ABCD_Longitudinal_Subcortical_Imaging_GWAS/Analysis/GCTA_GWAS/Processed_Data/Covariates/Quantitative/EUR/F/qcovar_574229_09052024_EUR_F_1916.txt].
12 quantitative covariate(s) of 1916 individuals are included from [/u/project/lhernand/cobeaman/ABCD_Longitudinal_Subcortical_Imaging_GWAS/Analysis/GCTA_GWAS/Processed_Data/Covariates/Quantitative/EUR/F/qcovar_574229_09052024_EUR_F_1916.txt].
Reading discrete covariate(s) from [/u/project/lhernand/cobeaman/ABCD_Longitudinal_Subcortical_Imaging_GWAS/Analysis/GCTA_GWAS/Processed_Data/Covariates/Discrete/EUR/F/covar_574229_09052024_EUR_F_1916.txt].
2 discrete covariate(s) of 1916 individuals are included from [/u/project/lhernand/cobeaman/ABCD_Longitudinal_Subcortical_Imaging_GWAS/Analysis/GCTA_GWAS/Processed_Data/Covariates/Discrete/EUR/F/covar_574229_09052024_EUR_F_1916.txt].
Reading IDs of the GRM from [/u/scratch/c/cobeaman/GCTA_GWAS_4707399/EUR_F/EUR.females_GRM.grm.id].
3263 IDs are read from [/u/scratch/c/cobeaman/GCTA_GWAS_4707399/EUR_F/EUR.females_GRM.grm.id].
Reading the GRM from [/u/scratch/c/cobeaman/GCTA_GWAS_4707399/EUR_F/EUR.females_GRM.grm.bin].
GRM for 3263 individuals are included from [/u/scratch/c/cobeaman/GCTA_GWAS_4707399/EUR_F/EUR.females_GRM.grm.bin].
1915 individuals are in common in these files.
12 quantitative variable(s) included as covariate(s).
2 discrete variable(s) included as covariate(s).

Performing MLM association analyses (including the candidate SNP) ...

Performing  REML analysis ... (Note: may take hours depending on sample size).
1915 observations, 46 fixed effect(s), and 2 variance component(s)(including residual variance).
Calculating prior values of variance components by EM-REML ...
Updated prior values: 0.483598 0.508597
logL: -1025.6
Running AI-REML algorithm ...
Iter.	logL	V(G)	V(e)	
1	-1024.31	0.36997	0.59950	
2	-1016.27	0.27224	0.68374	
3	-1011.47	0.19337	0.75510	
4	-1008.77	0.13329	0.81127	
5	-1007.34	0.08932	0.85329	
6	-1006.61	0.05789	0.88380	
7	-1006.25	0.00000	0.94036	(1 component(s) constrained)
8	-1005.91	0.00000	0.94097	(1 component(s) constrained)
9	-1005.91	0.00000	0.94097	(1 component(s) constrained)
10	-1005.91	0.00000	0.94097	(1 component(s) constrained)
Log-likelihood ratio converged.
Calculating allele frequencies ...

Running association tests for 5269986 SNPs ...
