*******************************************************************
* Genome-wide Complex Trait Analysis (GCTA)
* version v1.94.1 Linux
* Built at Nov 15 2022 21:14:25, by GCC 8.5
* (C) 2010-present, Yang Lab, Westlake University
* Please report bugs to Jian Yang <jian.yang@westlake.edu.cn>
*******************************************************************
Analysis started at 10:12:11 PDT on Tue Sep 10 2024.
Hostname: n6449

Accepted options:
--mlma 
--bfile /u/scratch/c/cobeaman/GCTA_GWAS_4693156/EUR_F_10866/EUR.females.genotype
--grm /u/scratch/c/cobeaman/GCTA_GWAS_4693156/EUR_F_10866/EUR.females_GRM
--pheno /u/project/lhernand/cobeaman/ABCD_Longitudinal_Subcortical_Imaging_GWAS/Analysis/GCTA_GWAS/Processed_Data/Phenotypes/EUR/F/574229_pheno_09052024_EUR_F_1916_smri_vol_scs_amygdala_ROC0_2.txt
--covar /u/project/lhernand/cobeaman/ABCD_Longitudinal_Subcortical_Imaging_GWAS/Analysis/GCTA_GWAS/Processed_Data/Covariates/Discrete/EUR/F/covar_574229_09052024_EUR_F_1916.txt
--qcovar /u/project/lhernand/cobeaman/ABCD_Longitudinal_Subcortical_Imaging_GWAS/Analysis/GCTA_GWAS/Processed_Data/Covariates/Quantitative/EUR/F/qcovar_574229_09052024_EUR_F_1916.txt
--thread-num 16
--out /u/project/lhernand/cobeaman/ABCD_Longitudinal_Subcortical_Imaging_GWAS/Analysis/GCTA_GWAS/Processed_Data/Results/EUR/F/smri_vol_scs_amygdala_ROC0_2_EUR_F_n1916_09102024_4693156

Note: the program will be running on 16 threads.

Reading PLINK FAM file from [/u/scratch/c/cobeaman/GCTA_GWAS_4693156/EUR_F_10866/EUR.females.genotype.fam].
3263 individuals to be included from [/u/scratch/c/cobeaman/GCTA_GWAS_4693156/EUR_F_10866/EUR.females.genotype.fam].
Reading PLINK BIM file from [/u/scratch/c/cobeaman/GCTA_GWAS_4693156/EUR_F_10866/EUR.females.genotype.bim].
6964838 SNPs to be included from [/u/scratch/c/cobeaman/GCTA_GWAS_4693156/EUR_F_10866/EUR.females.genotype.bim].
Reading PLINK BED file from [/u/scratch/c/cobeaman/GCTA_GWAS_4693156/EUR_F_10866/EUR.females.genotype.bed] in SNP-major format ...
Genotype data for 3263 individuals and 6964838 SNPs to be included from [/u/scratch/c/cobeaman/GCTA_GWAS_4693156/EUR_F_10866/EUR.females.genotype.bed].
Reading phenotypes from [/u/project/lhernand/cobeaman/ABCD_Longitudinal_Subcortical_Imaging_GWAS/Analysis/GCTA_GWAS/Processed_Data/Phenotypes/EUR/F/574229_pheno_09052024_EUR_F_1916_smri_vol_scs_amygdala_ROC0_2.txt].
Non-missing phenotypes of 1916 individuals are included from [/u/project/lhernand/cobeaman/ABCD_Longitudinal_Subcortical_Imaging_GWAS/Analysis/GCTA_GWAS/Processed_Data/Phenotypes/EUR/F/574229_pheno_09052024_EUR_F_1916_smri_vol_scs_amygdala_ROC0_2.txt].
Reading quantitative covariate(s) from [/u/project/lhernand/cobeaman/ABCD_Longitudinal_Subcortical_Imaging_GWAS/Analysis/GCTA_GWAS/Processed_Data/Covariates/Quantitative/EUR/F/qcovar_574229_09052024_EUR_F_1916.txt].
12 quantitative covariate(s) of 1916 individuals are included from [/u/project/lhernand/cobeaman/ABCD_Longitudinal_Subcortical_Imaging_GWAS/Analysis/GCTA_GWAS/Processed_Data/Covariates/Quantitative/EUR/F/qcovar_574229_09052024_EUR_F_1916.txt].
Reading discrete covariate(s) from [/u/project/lhernand/cobeaman/ABCD_Longitudinal_Subcortical_Imaging_GWAS/Analysis/GCTA_GWAS/Processed_Data/Covariates/Discrete/EUR/F/covar_574229_09052024_EUR_F_1916.txt].
2 discrete covariate(s) of 1916 individuals are included from [/u/project/lhernand/cobeaman/ABCD_Longitudinal_Subcortical_Imaging_GWAS/Analysis/GCTA_GWAS/Processed_Data/Covariates/Discrete/EUR/F/covar_574229_09052024_EUR_F_1916.txt].
Reading IDs of the GRM from [/u/scratch/c/cobeaman/GCTA_GWAS_4693156/EUR_F_10866/EUR.females_GRM.grm.id].
3263 IDs are read from [/u/scratch/c/cobeaman/GCTA_GWAS_4693156/EUR_F_10866/EUR.females_GRM.grm.id].
Reading the GRM from [/u/scratch/c/cobeaman/GCTA_GWAS_4693156/EUR_F_10866/EUR.females_GRM.grm.bin].
GRM for 3263 individuals are included from [/u/scratch/c/cobeaman/GCTA_GWAS_4693156/EUR_F_10866/EUR.females_GRM.grm.bin].
1915 individuals are in common in these files.
12 quantitative variable(s) included as covariate(s).
2 discrete variable(s) included as covariate(s).

Performing MLM association analyses (including the candidate SNP) ...

Performing  REML analysis ... (Note: may take hours depending on sample size).
1915 observations, 46 fixed effect(s), and 2 variance component(s)(including residual variance).
Calculating prior values of variance components by EM-REML ...
Updated prior values: 0.490872 0.511982
logL: -1046.87
Running AI-REML algorithm ...
Iter.	logL	V(G)	V(e)	
1	-1046.03	0.40307	0.58661	
2	-1041.03	0.17781	0.78851	
3	-1035.80	0.17065	0.79831	
4	-1035.75	0.16582	0.80498	
5	-1035.73	0.15556	0.81927	
6	-1035.71	0.15619	0.81870	
7	-1035.71	0.15615	0.81874	
Log-likelihood ratio converged.
Calculating allele frequencies ...

Running association tests for 6964838 SNPs ...
