*******************************************************************
* Genome-wide Complex Trait Analysis (GCTA)
* version v1.94.1 Linux
* Built at Nov 15 2022 21:14:25, by GCC 8.5
* (C) 2010-present, Yang Lab, Westlake University
* Please report bugs to Jian Yang <jian.yang@westlake.edu.cn>
*******************************************************************
Analysis started at 15:52:34 PDT on Tue Sep 10 2024.
Hostname: n6453

Accepted options:
--mlma 
--bfile /u/scratch/c/cobeaman/GCTA_GWAS_4693160/AFR_F/AFR.females.genotype
--grm /u/scratch/c/cobeaman/GCTA_GWAS_4693160/AFR_F/AFR.females_GRM
--pheno /u/project/lhernand/cobeaman/ABCD_Longitudinal_Subcortical_Imaging_GWAS/Analysis/GCTA_GWAS/Processed_Data/Phenotypes/AFR/F/557591_pheno_09052024_AFR_F_522_smri_vol_scs_aa_ROC0_2.txt
--covar /u/project/lhernand/cobeaman/ABCD_Longitudinal_Subcortical_Imaging_GWAS/Analysis/GCTA_GWAS/Processed_Data/Covariates/Discrete/AFR/F/covar_557591_09052024_AFR_F_522.txt
--qcovar /u/project/lhernand/cobeaman/ABCD_Longitudinal_Subcortical_Imaging_GWAS/Analysis/GCTA_GWAS/Processed_Data/Covariates/Quantitative/AFR/F/qcovar_557591_09052024_AFR_F_522.txt
--thread-num 16
--out /u/project/lhernand/cobeaman/ABCD_Longitudinal_Subcortical_Imaging_GWAS/Analysis/GCTA_GWAS/Processed_Data/Results/AFR/F/smri_vol_scs_aa_ROC0_2_AFR_F_n522_09102024_4693160

Note: the program will be running on 16 threads.

Reading PLINK FAM file from [/u/scratch/c/cobeaman/GCTA_GWAS_4693160/AFR_F/AFR.females.genotype.fam].
1131 individuals to be included from [/u/scratch/c/cobeaman/GCTA_GWAS_4693160/AFR_F/AFR.females.genotype.fam].
Reading PLINK BIM file from [/u/scratch/c/cobeaman/GCTA_GWAS_4693160/AFR_F/AFR.females.genotype.bim].
11349883 SNPs to be included from [/u/scratch/c/cobeaman/GCTA_GWAS_4693160/AFR_F/AFR.females.genotype.bim].
Reading PLINK BED file from [/u/scratch/c/cobeaman/GCTA_GWAS_4693160/AFR_F/AFR.females.genotype.bed] in SNP-major format ...
Genotype data for 1131 individuals and 11349883 SNPs to be included from [/u/scratch/c/cobeaman/GCTA_GWAS_4693160/AFR_F/AFR.females.genotype.bed].
Reading phenotypes from [/u/project/lhernand/cobeaman/ABCD_Longitudinal_Subcortical_Imaging_GWAS/Analysis/GCTA_GWAS/Processed_Data/Phenotypes/AFR/F/557591_pheno_09052024_AFR_F_522_smri_vol_scs_aa_ROC0_2.txt].
Non-missing phenotypes of 522 individuals are included from [/u/project/lhernand/cobeaman/ABCD_Longitudinal_Subcortical_Imaging_GWAS/Analysis/GCTA_GWAS/Processed_Data/Phenotypes/AFR/F/557591_pheno_09052024_AFR_F_522_smri_vol_scs_aa_ROC0_2.txt].
Reading quantitative covariate(s) from [/u/project/lhernand/cobeaman/ABCD_Longitudinal_Subcortical_Imaging_GWAS/Analysis/GCTA_GWAS/Processed_Data/Covariates/Quantitative/AFR/F/qcovar_557591_09052024_AFR_F_522.txt].
12 quantitative covariate(s) of 522 individuals are included from [/u/project/lhernand/cobeaman/ABCD_Longitudinal_Subcortical_Imaging_GWAS/Analysis/GCTA_GWAS/Processed_Data/Covariates/Quantitative/AFR/F/qcovar_557591_09052024_AFR_F_522.txt].
Reading discrete covariate(s) from [/u/project/lhernand/cobeaman/ABCD_Longitudinal_Subcortical_Imaging_GWAS/Analysis/GCTA_GWAS/Processed_Data/Covariates/Discrete/AFR/F/covar_557591_09052024_AFR_F_522.txt].
2 discrete covariate(s) of 522 individuals are included from [/u/project/lhernand/cobeaman/ABCD_Longitudinal_Subcortical_Imaging_GWAS/Analysis/GCTA_GWAS/Processed_Data/Covariates/Discrete/AFR/F/covar_557591_09052024_AFR_F_522.txt].
Reading IDs of the GRM from [/u/scratch/c/cobeaman/GCTA_GWAS_4693160/AFR_F/AFR.females_GRM.grm.id].
1131 IDs are read from [/u/scratch/c/cobeaman/GCTA_GWAS_4693160/AFR_F/AFR.females_GRM.grm.id].
Reading the GRM from [/u/scratch/c/cobeaman/GCTA_GWAS_4693160/AFR_F/AFR.females_GRM.grm.bin].
GRM for 1131 individuals are included from [/u/scratch/c/cobeaman/GCTA_GWAS_4693160/AFR_F/AFR.females_GRM.grm.bin].
519 individuals are in common in these files.
12 quantitative variable(s) included as covariate(s).
2 discrete variable(s) included as covariate(s).

Performing MLM association analyses (including the candidate SNP) ...

Performing  REML analysis ... (Note: may take hours depending on sample size).
519 observations, 44 fixed effect(s), and 2 variance component(s)(including residual variance).
Calculating prior values of variance components by EM-REML ...
Updated prior values: 0.495306 0.491025
logL: -332.447
Running AI-REML algorithm ...
Iter.	logL	V(G)	V(e)	
1	-332.43	0.55050	0.43731	
2	-332.20	0.68018	0.31332	
3	-331.86	0.70796	0.29076	
4	-331.84	0.71541	0.28432	
5	-331.84	0.71765	0.28237	
6	-331.84	0.71834	0.28176	
7	-331.84	0.71855	0.28157	
8	-331.84	0.71862	0.28151	
9	-331.84	0.71864	0.28149	
Log-likelihood ratio converged.
Calculating allele frequencies ...

Running association tests for 11349883 SNPs ...

Saving the results of the mixed linear model association analyses of 11349883 SNPs to [/u/project/lhernand/cobeaman/ABCD_Longitudinal_Subcortical_Imaging_GWAS/Analysis/GCTA_GWAS/Processed_Data/Results/AFR/F/smri_vol_scs_aa_ROC0_2_AFR_F_n522_09102024_4693160.mlma] ...

Analysis finished at 16:50:00 PDT on Tue Sep 10 2024
Overall computational time: 57 minutes 25 sec.
