*******************************************************************
* Genome-wide Complex Trait Analysis (GCTA)
* version v1.94.1 Linux
* Built at Nov 15 2022 21:14:25, by GCC 8.5
* (C) 2010-present, Yang Lab, Westlake University
* Please report bugs to Jian Yang <jian.yang@westlake.edu.cn>
*******************************************************************
Analysis started at 07:06:32 PDT on Tue Sep 10 2024.
Hostname: n7450

Accepted options:
--mlma 
--bfile /u/scratch/c/cobeaman/GCTA_GWAS_4693160/AMR_F/AMR.females.genotype
--grm /u/scratch/c/cobeaman/GCTA_GWAS_4693160/AMR_F/AMR.females_GRM
--pheno /u/project/lhernand/cobeaman/ABCD_Longitudinal_Subcortical_Imaging_GWAS/Analysis/GCTA_GWAS/Processed_Data/Phenotypes/AMR/F/387184_pheno_09052024_AMR_F_488_smri_vol_scs_cbwmatter_ROC0_2.txt
--covar /u/project/lhernand/cobeaman/ABCD_Longitudinal_Subcortical_Imaging_GWAS/Analysis/GCTA_GWAS/Processed_Data/Covariates/Discrete/AMR/F/covar_387184_09052024_AMR_F_488.txt
--qcovar /u/project/lhernand/cobeaman/ABCD_Longitudinal_Subcortical_Imaging_GWAS/Analysis/GCTA_GWAS/Processed_Data/Covariates/Quantitative/AMR/F/qcovar_387184_09052024_AMR_F_488.txt
--thread-num 16
--out /u/project/lhernand/cobeaman/ABCD_Longitudinal_Subcortical_Imaging_GWAS/Analysis/GCTA_GWAS/Processed_Data/Results/AMR/F/smri_vol_scs_cbwmatter_ROC0_2_AMR_F_n488_09102024_4693160

Note: the program will be running on 16 threads.

Reading PLINK FAM file from [/u/scratch/c/cobeaman/GCTA_GWAS_4693160/AMR_F/AMR.females.genotype.fam].
948 individuals to be included from [/u/scratch/c/cobeaman/GCTA_GWAS_4693160/AMR_F/AMR.females.genotype.fam].
Reading PLINK BIM file from [/u/scratch/c/cobeaman/GCTA_GWAS_4693160/AMR_F/AMR.females.genotype.bim].
7528889 SNPs to be included from [/u/scratch/c/cobeaman/GCTA_GWAS_4693160/AMR_F/AMR.females.genotype.bim].
Reading PLINK BED file from [/u/scratch/c/cobeaman/GCTA_GWAS_4693160/AMR_F/AMR.females.genotype.bed] in SNP-major format ...
Genotype data for 948 individuals and 7528889 SNPs to be included from [/u/scratch/c/cobeaman/GCTA_GWAS_4693160/AMR_F/AMR.females.genotype.bed].
Reading phenotypes from [/u/project/lhernand/cobeaman/ABCD_Longitudinal_Subcortical_Imaging_GWAS/Analysis/GCTA_GWAS/Processed_Data/Phenotypes/AMR/F/387184_pheno_09052024_AMR_F_488_smri_vol_scs_cbwmatter_ROC0_2.txt].
Non-missing phenotypes of 488 individuals are included from [/u/project/lhernand/cobeaman/ABCD_Longitudinal_Subcortical_Imaging_GWAS/Analysis/GCTA_GWAS/Processed_Data/Phenotypes/AMR/F/387184_pheno_09052024_AMR_F_488_smri_vol_scs_cbwmatter_ROC0_2.txt].
Reading quantitative covariate(s) from [/u/project/lhernand/cobeaman/ABCD_Longitudinal_Subcortical_Imaging_GWAS/Analysis/GCTA_GWAS/Processed_Data/Covariates/Quantitative/AMR/F/qcovar_387184_09052024_AMR_F_488.txt].
12 quantitative covariate(s) of 488 individuals are included from [/u/project/lhernand/cobeaman/ABCD_Longitudinal_Subcortical_Imaging_GWAS/Analysis/GCTA_GWAS/Processed_Data/Covariates/Quantitative/AMR/F/qcovar_387184_09052024_AMR_F_488.txt].
Reading discrete covariate(s) from [/u/project/lhernand/cobeaman/ABCD_Longitudinal_Subcortical_Imaging_GWAS/Analysis/GCTA_GWAS/Processed_Data/Covariates/Discrete/AMR/F/covar_387184_09052024_AMR_F_488.txt].
2 discrete covariate(s) of 488 individuals are included from [/u/project/lhernand/cobeaman/ABCD_Longitudinal_Subcortical_Imaging_GWAS/Analysis/GCTA_GWAS/Processed_Data/Covariates/Discrete/AMR/F/covar_387184_09052024_AMR_F_488.txt].
Reading IDs of the GRM from [/u/scratch/c/cobeaman/GCTA_GWAS_4693160/AMR_F/AMR.females_GRM.grm.id].
948 IDs are read from [/u/scratch/c/cobeaman/GCTA_GWAS_4693160/AMR_F/AMR.females_GRM.grm.id].
Reading the GRM from [/u/scratch/c/cobeaman/GCTA_GWAS_4693160/AMR_F/AMR.females_GRM.grm.bin].
GRM for 948 individuals are included from [/u/scratch/c/cobeaman/GCTA_GWAS_4693160/AMR_F/AMR.females_GRM.grm.bin].
487 individuals are in common in these files.
12 quantitative variable(s) included as covariate(s).
2 discrete variable(s) included as covariate(s).

Performing MLM association analyses (including the candidate SNP) ...

Performing  REML analysis ... (Note: may take hours depending on sample size).
487 observations, 43 fixed effect(s), and 2 variance component(s)(including residual variance).
Calculating prior values of variance components by EM-REML ...
Updated prior values: 0.457507  0.46105
logL: -276.784
Running AI-REML algorithm ...
Iter.	logL	V(G)	V(e)	
1	-274.00	0.34429	0.52835	
2	-272.48	0.25736	0.58696	
3	-271.70	0.19272	0.63376	
4	-271.30	0.04524	0.74518	
5	-270.90	0.03708	0.75587	
6	-270.90	0.03654	0.75641	
7	-270.90	0.03651	0.75644	
Log-likelihood ratio converged.
Calculating allele frequencies ...

Running association tests for 7528889 SNPs ...

Saving the results of the mixed linear model association analyses of 7528889 SNPs to [/u/project/lhernand/cobeaman/ABCD_Longitudinal_Subcortical_Imaging_GWAS/Analysis/GCTA_GWAS/Processed_Data/Results/AMR/F/smri_vol_scs_cbwmatter_ROC0_2_AMR_F_n488_09102024_4693160.mlma] ...

Analysis finished at 07:40:17 PDT on Tue Sep 10 2024
Overall computational time: 33 minutes 45 sec.
