*******************************************************************
* Genome-wide Complex Trait Analysis (GCTA)
* version v1.94.1 Linux
* Built at Nov 15 2022 21:14:25, by GCC 8.5
* (C) 2010-present, Yang Lab, Westlake University
* Please report bugs to Jian Yang <jian.yang@westlake.edu.cn>
*******************************************************************
Analysis started at 22:30:21 PDT on Wed Sep 11 2024.
Hostname: n7456

Accepted options:
--mlma 
--bfile /u/scratch/c/cobeaman/GCTA_GWAS_4707399/EUR_F/EUR.females.genotype
--grm /u/scratch/c/cobeaman/GCTA_GWAS_4707399/EUR_F/EUR.females_GRM
--pheno /u/project/lhernand/cobeaman/ABCD_Longitudinal_Subcortical_Imaging_GWAS/Analysis/GCTA_GWAS/Processed_Data/Phenotypes/EUR/F/574229_pheno_09052024_EUR_F_1916_smri_vol_scs_crbcortex_ROC0_2.txt
--covar /u/project/lhernand/cobeaman/ABCD_Longitudinal_Subcortical_Imaging_GWAS/Analysis/GCTA_GWAS/Processed_Data/Covariates/Discrete/EUR/F/covar_574229_09052024_EUR_F_1916.txt
--qcovar /u/project/lhernand/cobeaman/ABCD_Longitudinal_Subcortical_Imaging_GWAS/Analysis/GCTA_GWAS/Processed_Data/Covariates/Quantitative/EUR/F/qcovar_574229_09052024_EUR_F_1916.txt
--thread-num 32
--out /u/project/lhernand/cobeaman/ABCD_Longitudinal_Subcortical_Imaging_GWAS/Analysis/GCTA_GWAS/Processed_Data/Results/EUR/F/smri_vol_scs_crbcortex_ROC0_2_EUR_F_n1916_09112024_4707399

Note: the program will be running on 32 threads.

Reading PLINK FAM file from [/u/scratch/c/cobeaman/GCTA_GWAS_4707399/EUR_F/EUR.females.genotype.fam].
3263 individuals to be included from [/u/scratch/c/cobeaman/GCTA_GWAS_4707399/EUR_F/EUR.females.genotype.fam].
Reading PLINK BIM file from [/u/scratch/c/cobeaman/GCTA_GWAS_4707399/EUR_F/EUR.females.genotype.bim].
5706012 SNPs to be included from [/u/scratch/c/cobeaman/GCTA_GWAS_4707399/EUR_F/EUR.females.genotype.bim].
Reading PLINK BED file from [/u/scratch/c/cobeaman/GCTA_GWAS_4707399/EUR_F/EUR.females.genotype.bed] in SNP-major format ...
Genotype data for 3263 individuals and 5706012 SNPs to be included from [/u/scratch/c/cobeaman/GCTA_GWAS_4707399/EUR_F/EUR.females.genotype.bed].
Reading phenotypes from [/u/project/lhernand/cobeaman/ABCD_Longitudinal_Subcortical_Imaging_GWAS/Analysis/GCTA_GWAS/Processed_Data/Phenotypes/EUR/F/574229_pheno_09052024_EUR_F_1916_smri_vol_scs_crbcortex_ROC0_2.txt].
Non-missing phenotypes of 1916 individuals are included from [/u/project/lhernand/cobeaman/ABCD_Longitudinal_Subcortical_Imaging_GWAS/Analysis/GCTA_GWAS/Processed_Data/Phenotypes/EUR/F/574229_pheno_09052024_EUR_F_1916_smri_vol_scs_crbcortex_ROC0_2.txt].
Reading quantitative covariate(s) from [/u/project/lhernand/cobeaman/ABCD_Longitudinal_Subcortical_Imaging_GWAS/Analysis/GCTA_GWAS/Processed_Data/Covariates/Quantitative/EUR/F/qcovar_574229_09052024_EUR_F_1916.txt].
12 quantitative covariate(s) of 1916 individuals are included from [/u/project/lhernand/cobeaman/ABCD_Longitudinal_Subcortical_Imaging_GWAS/Analysis/GCTA_GWAS/Processed_Data/Covariates/Quantitative/EUR/F/qcovar_574229_09052024_EUR_F_1916.txt].
Reading discrete covariate(s) from [/u/project/lhernand/cobeaman/ABCD_Longitudinal_Subcortical_Imaging_GWAS/Analysis/GCTA_GWAS/Processed_Data/Covariates/Discrete/EUR/F/covar_574229_09052024_EUR_F_1916.txt].
2 discrete covariate(s) of 1916 individuals are included from [/u/project/lhernand/cobeaman/ABCD_Longitudinal_Subcortical_Imaging_GWAS/Analysis/GCTA_GWAS/Processed_Data/Covariates/Discrete/EUR/F/covar_574229_09052024_EUR_F_1916.txt].
Reading IDs of the GRM from [/u/scratch/c/cobeaman/GCTA_GWAS_4707399/EUR_F/EUR.females_GRM.grm.id].
3263 IDs are read from [/u/scratch/c/cobeaman/GCTA_GWAS_4707399/EUR_F/EUR.females_GRM.grm.id].
Reading the GRM from [/u/scratch/c/cobeaman/GCTA_GWAS_4707399/EUR_F/EUR.females_GRM.grm.bin].
GRM for 3263 individuals are included from [/u/scratch/c/cobeaman/GCTA_GWAS_4707399/EUR_F/EUR.females_GRM.grm.bin].
1915 individuals are in common in these files.
12 quantitative variable(s) included as covariate(s).
2 discrete variable(s) included as covariate(s).

Performing MLM association analyses (including the candidate SNP) ...

Performing  REML analysis ... (Note: may take hours depending on sample size).
1915 observations, 46 fixed effect(s), and 2 variance component(s)(including residual variance).
Calculating prior values of variance components by EM-REML ...
Updated prior values: 0.479679 0.481759
logL: -966.809
Running AI-REML algorithm ...
Iter.	logL	V(G)	V(e)	
1	-964.54	0.44848	0.49700	
2	-963.74	0.42705	0.50801	
3	-963.37	0.38021	0.53299	
4	-963.04	0.37846	0.53524	
5	-963.04	0.37834	0.53535	
6	-963.04	0.37833	0.53536	
Log-likelihood ratio converged.
Calculating allele frequencies ...

Running association tests for 5706012 SNPs ...
