Found required file: /u/project/lhernand/cobeaman/ABCD_Longitudinal_Subcortical_Imaging_GWAS/Analysis/GCTA_GWAS/Processed_Data/Phenotypes/EUR/M/988282_pheno_07152024_EUR_M_2268_smri_vol_scs_wholeb_ROC0_2.txt
Found required file: /u/project/lhernand/cobeaman/ABCD_Longitudinal_Subcortical_Imaging_GWAS/Analysis/GCTA_GWAS/Processed_Data/Covariates/Discrete/EUR/M/covar_988282_07152024_EUR_M_2268.txt
Found required file: /u/project/lhernand/cobeaman/ABCD_Longitudinal_Subcortical_Imaging_GWAS/Analysis/GCTA_GWAS/Processed_Data/Covariates/Quantitative/EUR/M/qcovar_noICV_988282_07152024_EUR_M_2268.txt
Found required file: /u/project/lhernand/shared/GenomicDatasets-processed/ABCD_Release_5/genotype/GRM/grm_males/EUR.males_GRM.grm.bin
Found required file: /u/project/lhernand/shared/GenomicDatasets-processed/ABCD_Release_5/genotype/GRM/grm_males/EUR.males_GRM.grm.id
Found required file: /u/project/lhernand/shared/GenomicDatasets-processed/ABCD_Release_5/genotype/GRM/grm_males/EUR.males_GRM.grm.N.bin
Found required file: /u/project/lhernand/shared/GenomicDatasets-processed/ABCD_Release_5/genotype/TOPMed_imputed/splitted_by_ancestry_groups/males/EUR.males.genotype.bed
Found required file: /u/project/lhernand/shared/GenomicDatasets-processed/ABCD_Release_5/genotype/TOPMed_imputed/splitted_by_ancestry_groups/males/EUR.males.genotype.bim
Found required file: /u/project/lhernand/shared/GenomicDatasets-processed/ABCD_Release_5/genotype/TOPMed_imputed/splitted_by_ancestry_groups/males/EUR.males.genotype.fam
All required files found. Starting GCTA --mlma analysis.
*******************************************************************
* Genome-wide Complex Trait Analysis (GCTA)
* version v1.94.1 Linux
* Built at Nov 15 2022 21:14:25, by GCC 8.5
* (C) 2010-present, Yang Lab, Westlake University
* Please report bugs to Jian Yang <jian.yang@westlake.edu.cn>
*******************************************************************
Analysis started at 21:38:27 PDT on Sat Jul 27 2024.
Hostname: n7422

Accepted options:
--mlma 
--bfile /u/project/lhernand/shared/GenomicDatasets-processed/ABCD_Release_5/genotype/TOPMed_imputed/splitted_by_ancestry_groups/males/EUR.males.genotype
--grm /u/project/lhernand/shared/GenomicDatasets-processed/ABCD_Release_5/genotype/GRM/grm_males/EUR.males_GRM
--pheno /u/project/lhernand/cobeaman/ABCD_Longitudinal_Subcortical_Imaging_GWAS/Analysis/GCTA_GWAS/Processed_Data/Phenotypes/EUR/M/988282_pheno_07152024_EUR_M_2268_smri_vol_scs_wholeb_ROC0_2.txt
--covar /u/project/lhernand/cobeaman/ABCD_Longitudinal_Subcortical_Imaging_GWAS/Analysis/GCTA_GWAS/Processed_Data/Covariates/Discrete/EUR/M/covar_988282_07152024_EUR_M_2268.txt
--qcovar /u/project/lhernand/cobeaman/ABCD_Longitudinal_Subcortical_Imaging_GWAS/Analysis/GCTA_GWAS/Processed_Data/Covariates/Quantitative/EUR/M/qcovar_noICV_988282_07152024_EUR_M_2268.txt
--thread-num 32
--out /u/project/lhernand/cobeaman/ABCD_Longitudinal_Subcortical_Imaging_GWAS/Analysis/GCTA_GWAS/Processed_Data/Results/test_run/smri_vol_scs_wholeb_ROC0_2_07272024_n2268

Note: the program will be running on 32 threads.

Reading PLINK FAM file from [/u/project/lhernand/shared/GenomicDatasets-processed/ABCD_Release_5/genotype/TOPMed_imputed/splitted_by_ancestry_groups/males/EUR.males.genotype.fam].
3628 individuals to be included from [/u/project/lhernand/shared/GenomicDatasets-processed/ABCD_Release_5/genotype/TOPMed_imputed/splitted_by_ancestry_groups/males/EUR.males.genotype.fam].
Reading PLINK BIM file from [/u/project/lhernand/shared/GenomicDatasets-processed/ABCD_Release_5/genotype/TOPMed_imputed/splitted_by_ancestry_groups/males/EUR.males.genotype.bim].
6964838 SNPs to be included from [/u/project/lhernand/shared/GenomicDatasets-processed/ABCD_Release_5/genotype/TOPMed_imputed/splitted_by_ancestry_groups/males/EUR.males.genotype.bim].
Reading PLINK BED file from [/u/project/lhernand/shared/GenomicDatasets-processed/ABCD_Release_5/genotype/TOPMed_imputed/splitted_by_ancestry_groups/males/EUR.males.genotype.bed] in SNP-major format ...
Genotype data for 3628 individuals and 6964838 SNPs to be included from [/u/project/lhernand/shared/GenomicDatasets-processed/ABCD_Release_5/genotype/TOPMed_imputed/splitted_by_ancestry_groups/males/EUR.males.genotype.bed].
Reading phenotypes from [/u/project/lhernand/cobeaman/ABCD_Longitudinal_Subcortical_Imaging_GWAS/Analysis/GCTA_GWAS/Processed_Data/Phenotypes/EUR/M/988282_pheno_07152024_EUR_M_2268_smri_vol_scs_wholeb_ROC0_2.txt].
Non-missing phenotypes of 2268 individuals are included from [/u/project/lhernand/cobeaman/ABCD_Longitudinal_Subcortical_Imaging_GWAS/Analysis/GCTA_GWAS/Processed_Data/Phenotypes/EUR/M/988282_pheno_07152024_EUR_M_2268_smri_vol_scs_wholeb_ROC0_2.txt].
Reading quantitative covariate(s) from [/u/project/lhernand/cobeaman/ABCD_Longitudinal_Subcortical_Imaging_GWAS/Analysis/GCTA_GWAS/Processed_Data/Covariates/Quantitative/EUR/M/qcovar_noICV_988282_07152024_EUR_M_2268.txt].
11 quantitative covariate(s) of 2268 individuals are included from [/u/project/lhernand/cobeaman/ABCD_Longitudinal_Subcortical_Imaging_GWAS/Analysis/GCTA_GWAS/Processed_Data/Covariates/Quantitative/EUR/M/qcovar_noICV_988282_07152024_EUR_M_2268.txt].
Reading discrete covariate(s) from [/u/project/lhernand/cobeaman/ABCD_Longitudinal_Subcortical_Imaging_GWAS/Analysis/GCTA_GWAS/Processed_Data/Covariates/Discrete/EUR/M/covar_988282_07152024_EUR_M_2268.txt].
35 discrete covariate(s) of 2268 individuals are included from [/u/project/lhernand/cobeaman/ABCD_Longitudinal_Subcortical_Imaging_GWAS/Analysis/GCTA_GWAS/Processed_Data/Covariates/Discrete/EUR/M/covar_988282_07152024_EUR_M_2268.txt].
Reading IDs of the GRM from [/u/project/lhernand/shared/GenomicDatasets-processed/ABCD_Release_5/genotype/GRM/grm_males/EUR.males_GRM.grm.id].
3628 IDs are read from [/u/project/lhernand/shared/GenomicDatasets-processed/ABCD_Release_5/genotype/GRM/grm_males/EUR.males_GRM.grm.id].
Reading the GRM from [/u/project/lhernand/shared/GenomicDatasets-processed/ABCD_Release_5/genotype/GRM/grm_males/EUR.males_GRM.grm.bin].
GRM for 3628 individuals are included from [/u/project/lhernand/shared/GenomicDatasets-processed/ABCD_Release_5/genotype/GRM/grm_males/EUR.males_GRM.grm.bin].
2267 individuals are in common in these files.
11 quantitative variable(s) included as covariate(s).
35 discrete variable(s) included as covariate(s).
Error: the 11th discrete variable has only one class.
An error occurs, please check the options or data
Error running GCTA MLMA for smri_vol_scs_wholeb_ROC0_2
